#
# There is insufficient memory for the Java Runtime Environment to continue.
# Native memory allocation (malloc) failed to allocate 202736 bytes for Chunk::new
# Possible reasons:
#   The system is out of physical RAM or swap space
#   In 32 bit mode, the process size limit was hit
# Possible solutions:
#   Reduce memory load on the system
#   Increase physical memory or swap space
#   Check if swap backing store is full
#   Use 64 bit Java on a 64 bit OS
#   Decrease Java heap size (-Xmx/-Xms)
#   Decrease number of Java threads
#   Decrease Java thread stack sizes (-Xss)
#   Set larger code cache with -XX:ReservedCodeCacheSize=
# This output file may be truncated or incomplete.
#
#  Out of Memory Error (allocation.cpp:390), pid=8784, tid=0x00000000000008c4
#
# JRE version: OpenJDK Runtime Environment (8.0_152-b02) (build 1.8.0_152-release-1024-b02)
# Java VM: OpenJDK 64-Bit Server VM (25.152-b02 mixed mode windows-amd64 compressed oops)
# Failed to write core dump. Minidumps are not enabled by default on client versions of Windows
#

---------------  T H R E A D  ---------------

Current thread (0x0000000017e7f800):  JavaThread "C2 CompilerThread0" daemon [_thread_in_native, id=2244, stack(0x00000000194d0000,0x00000000195d0000)]

Stack: [0x00000000194d0000,0x00000000195d0000]
[error occurred during error reporting (printing stack bounds), id 0xc0000005]

Native frames: (J=compiled Java code, j=interpreted, Vv=VM code, C=native code)


Current CompileTask:
C2:    365  336  s!   4       sun.misc.URLClassPath::getLoader (243 bytes)


---------------  P R O C E S S  ---------------

Java Threads: ( => current thread )
  0x0000000017edd800 JavaThread "Service Thread" daemon [_thread_blocked, id=11172, stack(0x0000000019bd0000,0x0000000019cd0000)]
  0x0000000017e86000 JavaThread "C1 CompilerThread2" daemon [_thread_blocked, id=10136, stack(0x00000000196d0000,0x00000000197d0000)]
  0x0000000017e82800 JavaThread "C2 CompilerThread1" daemon [_thread_blocked, id=372, stack(0x00000000195d0000,0x00000000196d0000)]
=>0x0000000017e7f800 JavaThread "C2 CompilerThread0" daemon [_thread_in_native, id=2244, stack(0x00000000194d0000,0x00000000195d0000)]
  0x0000000017e7e800 JavaThread "Attach Listener" daemon [_thread_blocked, id=7884, stack(0x00000000193d0000,0x00000000194d0000)]
  0x000000000327e800 JavaThread "Signal Dispatcher" daemon [_thread_blocked, id=1292, stack(0x00000000192d0000,0x00000000193d0000)]
  0x0000000017e6e000 JavaThread "Finalizer" daemon [_thread_blocked, id=9040, stack(0x00000000190e0000,0x00000000191e0000)]
  0x0000000003273800 JavaThread "Reference Handler" daemon [_thread_blocked, id=10664, stack(0x0000000018fe0000,0x00000000190e0000)]
  0x0000000003182800 JavaThread "main" [_thread_in_native, id=10048, stack(0x0000000003040000,0x0000000003140000)]

Other Threads:
  0x0000000017e45800 VMThread [stack: 0x0000000018ee0000,0x0000000018fe0000] [id=10436]
  0x0000000017ede800 WatcherThread [stack: 0x0000000019cd0000,0x0000000019dd0000] [id=8988]

VM state:not at safepoint (normal execution)

VM Mutex/Monitor currently owned by a thread: None

Heap:
 PSYoungGen      total 38400K, used 10666K [0x00000000d5a00000, 0x00000000d8480000, 0x0000000100000000)
  eden space 33280K, 32% used [0x00000000d5a00000,0x00000000d646a948,0x00000000d7a80000)
  from space 5120K, 0% used [0x00000000d7f80000,0x00000000d7f80000,0x00000000d8480000)
  to   space 5120K, 0% used [0x00000000d7a80000,0x00000000d7a80000,0x00000000d7f80000)
 ParOldGen       total 87552K, used 0K [0x0000000080e00000, 0x0000000086380000, 0x00000000d5a00000)
  object space 87552K, 0% used [0x0000000080e00000,0x0000000080e00000,0x0000000086380000)
 Metaspace       used 5023K, capacity 5392K, committed 5632K, reserved 1056768K
  class space    used 604K, capacity 672K, committed 768K, reserved 1048576K

Card table byte_map: [0x00000000126a0000,0x0000000012aa0000] byte_map_base: 0x0000000012299000

Marking Bits: (ParMarkBitMap*) 0x000000006d764970
 Begin Bits: [0x0000000013150000, 0x0000000015118000)
 End Bits:   [0x0000000015118000, 0x00000000170e0000)

Polling page: 0x0000000001440000

CodeCache: size=245760Kb used=1782Kb max_used=1782Kb free=243977Kb
 bounds [0x00000000032e0000, 0x0000000003550000, 0x00000000122e0000]
 total_blobs=610 nmethods=334 adapters=190
 compilation: enabled

Compilation events (10 events):
Event: 0.325 Thread 0x0000000017e86000 nmethod 331 0x0000000003495c90 code [0x0000000003495e00, 0x0000000003496048]
Event: 0.325 Thread 0x0000000017e86000  333   !   3       java.net.URL::<init> (543 bytes)
Event: 0.327 Thread 0x0000000017e86000 nmethod 333 0x0000000003496150 code [0x0000000003496620, 0x00000000034997b8]
Event: 0.327 Thread 0x0000000017e86000  332       3       java.net.URL::<init> (8 bytes)
Event: 0.328 Thread 0x0000000017e86000 nmethod 332 0x000000000349bc90 code [0x000000000349be00, 0x000000000349bf88]
Event: 0.330 Thread 0x0000000017e86000  334       3       java.security.CodeSource::getCertificates (98 bytes)
Event: 0.331 Thread 0x0000000017e86000 nmethod 334 0x000000000349c010 code [0x000000000349c240, 0x000000000349ce18]
Event: 0.331 Thread 0x0000000017e86000  335       3       java.util.BitSet::get (69 bytes)
Event: 0.332 Thread 0x0000000017e86000 nmethod 335 0x000000000349d250 code [0x000000000349d440, 0x000000000349dde8]
Event: 0.332 Thread 0x0000000017e7f800  336  s!   4       sun.misc.URLClassPath::getLoader (243 bytes)

GC Heap History (0 events):
No events

Deoptimization events (0 events):
No events

Classes redefined (0 events):
No events

Internal exceptions (10 events):
Event: 0.045 Thread 0x0000000003182800 Exception <a 'java/lang/NoSuchMethodError': Method sun.misc.Unsafe.prefetchRead(Ljava/lang/Object;J)V name or signature does not match> (0x00000000d5a07f90) thrown at [D:\src\AOSP-openjdk-cygwin\jdk8u\hotspot\src\share\vm\prims\jni.cpp, line 4011]
Event: 0.135 Thread 0x0000000003182800 Exception <a 'java/security/PrivilegedActionException'> (0x00000000d5bbdc90) thrown at [D:\src\AOSP-openjdk-cygwin\jdk8u\hotspot\src\share\vm\prims\jvm.cpp, line 1390]
Event: 0.135 Thread 0x0000000003182800 Exception <a 'java/security/PrivilegedActionException'> (0x00000000d5bbdea0) thrown at [D:\src\AOSP-openjdk-cygwin\jdk8u\hotspot\src\share\vm\prims\jvm.cpp, line 1390]
Event: 0.136 Thread 0x0000000003182800 Exception <a 'java/security/PrivilegedActionException'> (0x00000000d5bc1aa8) thrown at [D:\src\AOSP-openjdk-cygwin\jdk8u\hotspot\src\share\vm\prims\jvm.cpp, line 1390]
Event: 0.136 Thread 0x0000000003182800 Exception <a 'java/security/PrivilegedActionException'> (0x00000000d5bc1cb8) thrown at [D:\src\AOSP-openjdk-cygwin\jdk8u\hotspot\src\share\vm\prims\jvm.cpp, line 1390]
Event: 0.136 Thread 0x0000000003182800 Exception <a 'java/security/PrivilegedActionException'> (0x00000000d5bc31f0) thrown at [D:\src\AOSP-openjdk-cygwin\jdk8u\hotspot\src\share\vm\prims\jvm.cpp, line 1390]
Event: 0.136 Thread 0x0000000003182800 Exception <a 'java/security/PrivilegedActionException'> (0x00000000d5bc3400) thrown at [D:\src\AOSP-openjdk-cygwin\jdk8u\hotspot\src\share\vm\prims\jvm.cpp, line 1390]
Event: 0.296 Thread 0x0000000003182800 Exception <a 'java/lang/ArrayIndexOutOfBoundsException': 100> (0x00000000d61e59f0) thrown at [D:\src\AOSP-openjdk-cygwin\jdk8u\hotspot\src\share\vm\interpreter\interpreterRuntime.cpp, line 366]
Event: 0.296 Thread 0x0000000003182800 Exception <a 'java/lang/ArrayIndexOutOfBoundsException': 18> (0x00000000d61e6928) thrown at [D:\src\AOSP-openjdk-cygwin\jdk8u\hotspot\src\share\vm\interpreter\interpreterRuntime.cpp, line 366]
Event: 0.296 Thread 0x0000000003182800 Exception <a 'java/lang/ArrayIndexOutOfBoundsException': 40> (0x00000000d61e7558) thrown at [D:\src\AOSP-openjdk-cygwin\jdk8u\hotspot\src\share\vm\interpreter\interpreterRuntime.cpp, line 366]

Events (10 events):
Event: 0.336 loading class java/lang/ApplicationShutdownHooks$1
Event: 0.336 loading class java/lang/ApplicationShutdownHooks$1 done
Event: 0.336 loading class java/lang/Shutdown
Event: 0.336 loading class java/lang/Shutdown done
Event: 0.336 loading class java/lang/Shutdown$Lock
Event: 0.336 loading class java/lang/Shutdown$Lock done
Event: 0.336 loading class java/util/logging/LogManager$2
Event: 0.336 loading class java/util/logging/LogManager$2 done
Event: 0.336 loading class java/util/logging/LogManager$3
Event: 0.336 loading class java/util/logging/LogManager$3 done


Dynamic libraries:
0x00007ff776300000 - 0x00007ff776331000 	C:\Program Files\Android\Android Studio\jre\bin\java.exe
0x00007ff875270000 - 0x00007ff875451000 	C:\WINDOWS\SYSTEM32\ntdll.dll
0x00007ff872ed0000 - 0x00007ff872f82000 	C:\WINDOWS\System32\KERNEL32.DLL
0x00007ff872420000 - 0x00007ff872693000 	C:\WINDOWS\System32\KERNELBASE.dll
0x00007ff872c00000 - 0x00007ff872ca1000 	C:\WINDOWS\System32\ADVAPI32.dll
0x00007ff872e30000 - 0x00007ff872ece000 	C:\WINDOWS\System32\msvcrt.dll
0x00007ff8727d0000 - 0x00007ff87282b000 	C:\WINDOWS\System32\sechost.dll
0x00007ff872f90000 - 0x00007ff8730b4000 	C:\WINDOWS\System32\RPCRT4.dll
0x00007ff873220000 - 0x00007ff8733b0000 	C:\WINDOWS\System32\USER32.dll
0x00007ff871830000 - 0x00007ff871850000 	C:\WINDOWS\System32\win32u.dll
0x00007ff8727a0000 - 0x00007ff8727c8000 	C:\WINDOWS\System32\GDI32.dll
0x00007ff871b70000 - 0x00007ff871d02000 	C:\WINDOWS\System32\gdi32full.dll
0x00007ff871790000 - 0x00007ff87182f000 	C:\WINDOWS\System32\msvcp_win.dll
0x00007ff871640000 - 0x00007ff87173a000 	C:\WINDOWS\System32\ucrtbase.dll
0x00007ff8690a0000 - 0x00007ff869309000 	C:\WINDOWS\WinSxS\amd64_microsoft.windows.common-controls_6595b64144ccf1df_6.0.17134.285_none_fb4297e330656775\COMCTL32.dll
0x00007ff872830000 - 0x00007ff872b53000 	C:\WINDOWS\System32\combase.dll
0x00007ff871900000 - 0x00007ff87197a000 	C:\WINDOWS\System32\bcryptPrimitives.dll
0x00007ff872bd0000 - 0x00007ff872bfd000 	C:\WINDOWS\System32\IMM32.DLL
0x000000006afe0000 - 0x000000006b0b2000 	C:\Program Files\Android\Android Studio\jre\jre\bin\msvcr100.dll
0x000000006cfa0000 - 0x000000006d7df000 	C:\Program Files\Android\Android Studio\jre\jre\bin\server\jvm.dll
0x00007ff873530000 - 0x00007ff873538000 	C:\WINDOWS\System32\PSAPI.DLL
0x00007ff86a720000 - 0x00007ff86a72a000 	C:\WINDOWS\SYSTEM32\VERSION.dll
0x00007ff86c500000 - 0x00007ff86c523000 	C:\WINDOWS\SYSTEM32\WINMM.dll
0x00007ff86daf0000 - 0x00007ff86daf9000 	C:\WINDOWS\SYSTEM32\WSOCK32.dll
0x00007ff872dc0000 - 0x00007ff872e2c000 	C:\WINDOWS\System32\WS2_32.dll
0x00007ff86c4d0000 - 0x00007ff86c4fa000 	C:\WINDOWS\SYSTEM32\WINMMBASE.dll
0x00007ff871740000 - 0x00007ff871789000 	C:\WINDOWS\System32\cfgmgr32.dll
0x00007ff86d160000 - 0x00007ff86d16f000 	C:\Program Files\Android\Android Studio\jre\jre\bin\verify.dll
0x00007ff8638a0000 - 0x00007ff8638c9000 	C:\Program Files\Android\Android Studio\jre\jre\bin\java.dll
0x00007ff867360000 - 0x00007ff867376000 	C:\Program Files\Android\Android Studio\jre\jre\bin\zip.dll
0x00007ff8737d0000 - 0x00007ff874c10000 	C:\WINDOWS\System32\SHELL32.dll
0x00007ff874c10000 - 0x00007ff874cb9000 	C:\WINDOWS\System32\shcore.dll
0x00007ff871d10000 - 0x00007ff87241d000 	C:\WINDOWS\System32\windows.storage.dll
0x00007ff872d60000 - 0x00007ff872db1000 	C:\WINDOWS\System32\shlwapi.dll
0x00007ff8715a0000 - 0x00007ff8715b1000 	C:\WINDOWS\System32\kernel.appcore.dll
0x00007ff871580000 - 0x00007ff87159f000 	C:\WINDOWS\System32\profapi.dll
0x00007ff8715f0000 - 0x00007ff87163c000 	C:\WINDOWS\System32\powrprof.dll
0x00007ff8715e0000 - 0x00007ff8715ea000 	C:\WINDOWS\System32\FLTLIB.DLL
0x00007ff863880000 - 0x00007ff86389a000 	C:\Program Files\Android\Android Studio\jre\jre\bin\net.dll
0x00007ff870da0000 - 0x00007ff870e06000 	C:\WINDOWS\system32\mswsock.dll
0x00007ff8637f0000 - 0x00007ff863801000 	C:\Program Files\Android\Android Studio\jre\jre\bin\nio.dll

VM Arguments:
jvm_args: -Dorg.gradle.appname=gradlew 
java_command: org.gradle.wrapper.GradleWrapperMain -v
java_class_path (initial): C:\Users\charles\AndroidStudioProjects\second\second\android\\gradle\wrapper\gradle-wrapper.jar
Launcher Type: SUN_STANDARD

Environment Variables:
JAVA_HOME=C:\Program Files\Android\Android Studio\jre
CLASSPATH=C:\Users\charles\AndroidStudioProjects\second\second\android\\gradle\wrapper\gradle-wrapper.jar
PATH=C:\Program Files (x86)\Common Files\Oracle\Java\javapath;C:\ProgramData\Anaconda3;C:\ProgramData\Anaconda3\Library\mingw-w64\bin;C:\ProgramData\Anaconda3\Library\usr\bin;C:\ProgramData\Anaconda3\Library\bin;C:\ProgramData\Anaconda3\Scripts;C:\WINDOWS\system32;C:\WINDOWS;C:\WINDOWS\System32\Wbem;C:\WINDOWS\System32\WindowsPowerShell\v1.0\;C:\Program Files\Git\cmd;C:\WINDOWS\System32\OpenSSH\;C:\Program Files (x86)\AMD\ATI.ACE\Core-Static;C:\sqlite;C:\Program Files (x86)\Microsoft SQL Server\Client SDK\ODBC\130\Tools\Binn\;C:\Program Files (x86)\Microsoft SQL Server\140\Tools\Binn\;C:\Program Files (x86)\Microsoft SQL Server\140\DTS\Binn\;C:\Program Files (x86)\Microsoft SQL Server\140\Tools\Binn\ManagementStudio\;C:\Program Files\Microsoft VS Code\bin;C:\src\flutter\bin;C:\src\flutter\bin\mingit\cmd
USERNAME=charles
OS=Windows_NT
PROCESSOR_IDENTIFIER=Intel64 Family 6 Model 94 Stepping 3, GenuineIntel



---------------  S Y S T E M  ---------------

OS: Windows 10.0 , 64 bit Build 17134 (10.0.17134.1)

CPU:total 4 (initial active 4) (4 cores per cpu, 1 threads per core) family 6 model 94 stepping 3, cmov, cx8, fxsr, mmx, sse, sse2, sse3, ssse3, sse4.1, sse4.2, popcnt, avx, avx2, aes, clmul, erms, rtm, 3dnowpref, lzcnt, tsc, tscinvbit, bmi1, bmi2, adx

Memory: 4k page, physical 8328340k(1144692k free), swap 10294420k(3208k free)

vm_info: OpenJDK 64-Bit Server VM (25.152-b02) for windows-amd64 JRE (1.8.0_152-release-1024-b02), built by "builder" with MS VC++ 10.0 (VS2010)

time: Thu Sep 13 15:37:56 2018
elapsed time: 0 seconds (0d 0h 0m 0s)

